app/build/outputs/logs/manifest-merger-debug-report.txt
-- Merging decision tree log ---
manifest
ADDED from src\main\AndroidManifest.xml:2:1-131:12
	package
		ADDED from src\main\AndroidManifest.xml:3:5-43
		INJECTED from src\main\AndroidManifest.xml
		INJECTED from src\main\AndroidManifest.xml
	android:versionName
		ADDED from src\main\AndroidManifest.xml:5:5-30
		INJECTED from src\main\AndroidManifest.xml
		INJECTED from src\main\AndroidManifest.xml
	android:versionCode
		ADDED from src\main\AndroidManifest.xml:4:5-28
		INJECTED from src\main\AndroidManifest.xml
		INJECTED from src\main\AndroidManifest.xml
	xmlns:android
		ADDED from src\main\AndroidManifest.xml:2:11-69
uses-sdk
ADDED from src\main\AndroidManifest.xml:7:5-9:41
MERGED from [com.android.support:support-v4:23.1.1] AndroidManifest.xml:20:5-43
	android:targetSdkVersion
		ADDED from src\main\AndroidManifest.xml:9:9-38
		INJECTED from src\main\AndroidManifest.xml
		INJECTED from src\main\AndroidManifest.xml
	android:minSdkVersion
		ADDED from src\main\AndroidManifest.xml:8:9-34
		INJECTED from src\main\AndroidManifest.xml
		INJECTED from src\main\AndroidManifest.xml
uses-permission#android.permission.SET_WALLPAPER
ADDED from src\main\AndroidManifest.xml:11:5-72
	android:name
		ADDED from src\main\AndroidManifest.xml:11:22-69
uses-permission#android.permission.WAKE_LOCK
ADDED from src\main\AndroidManifest.xml:12:5-68
	android:name
		ADDED from src\main\AndroidManifest.xml:12:22-65
uses-permission#android.permission.INTERNET
ADDED from src\main\AndroidManifest.xml:13:5-67
	android:name
		ADDED from src\main\AndroidManifest.xml:13:22-64
uses-permission#android.permission.WRITE_EXTERNAL_STORAGE
ADDED from src\main\AndroidManifest.xml:14:5-81
	android:name
		ADDED from src\main\AndroidManifest.xml:14:22-78
application
ADDED from src\main\AndroidManifest.xml:16:5-129:19
MERGED from [com.android.support:support-v4:23.1.1] AndroidManifest.xml:22:5-20
	android:label
		ADDED from src\main\AndroidManifest.xml:19:9-41
	android:allowBackup
		ADDED from src\main\AndroidManifest.xml:17:9-35
	android:icon
		ADDED from src\main\AndroidManifest.xml:18:9-45
	android:theme
		ADDED from src\main\AndroidManifest.xml:20:9-40
activity#com.defoliate.learnnewboston.Splash
ADDED from src\main\AndroidManifest.xml:21:9-29:20
	android:label
		ADDED from src\main\AndroidManifest.xml:23:13-45
	android:name
		ADDED from src\main\AndroidManifest.xml:22:13-63
intent-filter#android.intent.action.MAIN+android.intent.category.LAUNCHER
ADDED from src\main\AndroidManifest.xml:24:13-28:29
action#android.intent.action.MAIN
ADDED from src\main\AndroidManifest.xml:25:17-69
	android:name
		ADDED from src\main\AndroidManifest.xml:25:25-66
category#android.intent.category.LAUNCHER
ADDED from src\main\AndroidManifest.xml:27:17-77
	android:name
		ADDED from src\main\AndroidManifest.xml:27:27-74
activity#com.defoliate.learnnewboston.Starting
ADDED from src\main\AndroidManifest.xml:30:9-38:20
	android:label
		ADDED from src\main\AndroidManifest.xml:32:13-45
	android:name
		ADDED from src\main\AndroidManifest.xml:31:13-65
intent-filter#android.intent.category.DEFAULT+com.defoliate.learnnewboston.STARTING
ADDED from src\main\AndroidManifest.xml:33:13-37:29
action#com.defoliate.learnnewboston.STARTING
ADDED from src\main\AndroidManifest.xml:34:17-80
	android:name
		ADDED from src\main\AndroidManifest.xml:34:25-77
category#android.intent.category.DEFAULT
ADDED from src\main\AndroidManifest.xml:36:17-76
	android:name
		ADDED from src\main\AndroidManifest.xml:36:27-73
activity#com.defoliate.learnnewboston.Menu
ADDED from src\main\AndroidManifest.xml:39:9-47:20
	android:label
		ADDED from src\main\AndroidManifest.xml:41:13-45
	android:name
		ADDED from src\main\AndroidManifest.xml:40:13-61
intent-filter#android.intent.category.DEFAULT+com.defoliate.learnnewboston.MENU
ADDED from src\main\AndroidManifest.xml:42:13-46:29
action#com.defoliate.learnnewboston.MENU
ADDED from src\main\AndroidManifest.xml:43:17-76
	android:name
		ADDED from src\main\AndroidManifest.xml:43:25-73
activity#com.defoliate.learnnewboston.Text
ADDED from src\main\AndroidManifest.xml:48:9-51:20
	android:label
		ADDED from src\main\AndroidManifest.xml:50:13-45
	android:name
		ADDED from src\main\AndroidManifest.xml:49:13-61
activity#com.defoliate.learnnewboston.Email
ADDED from src\main\AndroidManifest.xml:52:9-55:20
	android:label
		ADDED from src\main\AndroidManifest.xml:54:13-45
	android:name
		ADDED from src\main\AndroidManifest.xml:53:13-62
activity#com.defoliate.learnnewboston.Camera
ADDED from src\main\AndroidManifest.xml:56:9-60:20
	android:screenOrientation
		ADDED from src\main\AndroidManifest.xml:59:13-49
	android:label
		ADDED from src\main\AndroidManifest.xml:58:13-47
	android:name
		ADDED from src\main\AndroidManifest.xml:57:13-63
activity#com.defoliate.learnnewboston.Data
ADDED from src\main\AndroidManifest.xml:61:9-64:20
	android:label
		ADDED from src\main\AndroidManifest.xml:63:13-45
	android:name
		ADDED from src\main\AndroidManifest.xml:62:13-61
activity#com.defoliate.learnnewboston.OpenedClass
ADDED from src\main\AndroidManifest.xml:65:9-68:20
	android:label
		ADDED from src\main\AndroidManifest.xml:67:13-45
	android:name
		ADDED from src\main\AndroidManifest.xml:66:13-68
activity#com.defoliate.learnnewboston.AboutUs
ADDED from src\main\AndroidManifest.xml:69:9-78:20
	android:label
		ADDED from src\main\AndroidManifest.xml:71:13-45
	android:theme
		ADDED from src\main\AndroidManifest.xml:72:13-56
	android:name
		ADDED from src\main\AndroidManifest.xml:70:13-64
intent-filter#android.intent.category.DEFAULT+com.defoliate.learnnewboston.ABOUTUS
ADDED from src\main\AndroidManifest.xml:73:13-77:29
action#com.defoliate.learnnewboston.ABOUTUS
ADDED from src\main\AndroidManifest.xml:74:17-79
	android:name
		ADDED from src\main\AndroidManifest.xml:74:25-76
activity#com.defoliate.learnnewboston.Prefs
ADDED from src\main\AndroidManifest.xml:79:9-88:20
	android:label
		ADDED from src\main\AndroidManifest.xml:81:13-45
	android:theme
		ADDED from src\main\AndroidManifest.xml:82:13-56
	android:name
		ADDED from src\main\AndroidManifest.xml:80:13-62
intent-filter#android.intent.category.DEFAULT+com.defoliate.learnnewboston.PREFS
ADDED from src\main\AndroidManifest.xml:83:13-87:29
action#com.defoliate.learnnewboston.PREFS
ADDED from src\main\AndroidManifest.xml:84:17-77
	android:name
		ADDED from src\main\AndroidManifest.xml:84:25-74
activity#com.defoliate.learnnewboston.GFX
ADDED from src\main\AndroidManifest.xml:89:9-92:20
	android:label
		ADDED from src\main\AndroidManifest.xml:91:13-45
	android:name
		ADDED from src\main\AndroidManifest.xml:90:13-60
activity#com.defoliate.learnnewboston.GFXSurface
ADDED from src\main\AndroidManifest.xml:93:9-96:20
	android:label
		ADDED from src\main\AndroidManifest.xml:95:13-45
	android:name
		ADDED from src\main\AndroidManifest.xml:94:13-67
activity#com.defoliate.learnnewboston.SoundStuff
ADDED from src\main\AndroidManifest.xml:97:9-100:20
	android:label
		ADDED from src\main\AndroidManifest.xml:99:13-45
	android:name
		ADDED from src\main\AndroidManifest.xml:98:13-67
activity#com.defoliate.learnnewboston.Slider
ADDED from src\main\AndroidManifest.xml:101:9-104:20
	android:label
		ADDED from src\main\AndroidManifest.xml:103:13-45
	android:name
		ADDED from src\main\AndroidManifest.xml:102:13-63
activity#com.defoliate.learnnewboston.Tabs
ADDED from src\main\AndroidManifest.xml:105:9-108:20
	android:label
		ADDED from src\main\AndroidManifest.xml:107:13-45
	android:name
		ADDED from src\main\AndroidManifest.xml:106:13-61
activity#com.defoliate.learnnewboston.SimpleBrowser
ADDED from src\main\AndroidManifest.xml:109:9-112:20
	android:label
		ADDED from src\main\AndroidManifest.xml:111:13-45
	android:name
		ADDED from src\main\AndroidManifest.xml:110:13-70
activity#com.defoliate.learnnewboston.Flipper
ADDED from src\main\AndroidManifest.xml:113:9-116:20
	android:label
		ADDED from src\main\AndroidManifest.xml:115:13-45
	android:name
		ADDED from src\main\AndroidManifest.xml:114:13-64
activity#com.defoliate.learnnewboston.SharePrefs
ADDED from src\main\AndroidManifest.xml:117:9-120:20
	android:label
		ADDED from src\main\AndroidManifest.xml:119:13-45
	android:name
		ADDED from src\main\AndroidManifest.xml:118:13-67
activity#com.defoliate.learnnewboston.ExternalData
ADDED from src\main\AndroidManifest.xml:121:9-124:20
	android:label
		ADDED from src\main\AndroidManifest.xml:123:13-45
	android:name
		ADDED from src\main\AndroidManifest.xml:122:13-69
activity#com.defoliate.learnnewboston.InternalData
ADDED from src\main\AndroidManifest.xml:125:9-128:20
	android:label
		ADDED from src\main\AndroidManifest.xml:127:13-45
	android:name
		ADDED from src\main\AndroidManifest.xml:126:13-69